[backblue.gif]
[fade.gif]
[index.html]
[albania.al/Images/Resized/73nfj4s85818e1bbd450e_152_152_S_100.png]
[albania.al/Images/Resized/73nfj4s85818e1bbd450e_16_16_S_100.png]
[albania.al/Images/Resized/73nfj4s85818e1bbd450e_32_32_S_100.png]
[albania.al/Images/Resized/73nfj4s85818e1bbd450e_48_48_S_100.png]
[albania.al/Images/Resized/73nfj4s85818e1bbd450e_64_64_S_100.png]
[albania.al/Images/Resized/73nfj4s85818e1bbd450e_128_128_S_100.png]
[albania.al/Images/Resized/73nfj4s85818e1bbd450e_144_144_S_100.png]
[albania.al/Images/Resized/9s959tvc580f431fac729_3000_0_S_60.jpg]
[albania.al/index.html]
[albania.al/Assets/Fonts/fontawesome-webfont.eot]
[albania.al/Assets/Fonts/fontawesome-webfont.woff]
[albania.al/Assets/Fonts/fontawesome-webfontd41d.eot]
[albania.al/Assets/Cache/4f2a4ff2_1479204362.css]
[albania.al/Assets/Gfx/logo_bright_noSlogan.svg]
[albania.al/Images/Resized/9s959tvc580f431fac729_1200_630_C_60.jpg]
[albania.al/Images/Resized/9s959tvc580f431fac729_2400_1400_C_75.jpg]
[albania.al/Images/Resized/bstjlp5j5815f1abeb8db_2400_1400_C_75.jpg]
[albania.al/Images/Resized/cjl4ajyu5810e4dd76ca8_2400_1400_C_75.jpg]
[albania.al/Images/Resized/djd8on1j5810e4ce76d54_2400_1400_C_75.jpg]
[albania.al/Images/Resized/5cihkti45813559ddeaa3_600_600_C_60.jpg]
[albania.al/Images/Resized/hm60sax45813559f5280b_600_600_C_60.jpg]
[albania.al/Images/Resized/puy8b76m5813559e94ad4_600_600_C_60.jpg]
[albania.al/Images/Resized/3n2jcs4n57a33904198c5_600_600_C_60.jpg]
[albania.al/Images/Resized/g7ihw3i15802a18d3df15_600_600_C_60.jpg]
[albania.al/Images/Resized/vdcyil0j58029b1dc805a_600_600_C_60.jpg]
[albania.al/about/index.html]
[albania.al/Images/Resized/p04bo0u458107db3e617c_600_600_C_60.jpg]
[albania.al/Images/Resized/dzxj9fmf580fac591d466_600_600_C_60.jpg]
[albania.al/Images/Resized/00af7rh6580fa8f500449_600_600_C_60.jpg]
[albania.al/Images/Resized/8v0fuf165810e531e13e5_600_600_C_60.jpg]
[albania.al/Images/Resized/tckd1tqs58107a0e4bc14_600_600_C_60.jpg]
[albania.al/Images/Resized/pdnttl5l58107bebc98a1_600_600_C_60.jpg]
[albania.al/Images/Resized/0302uhoq58125cbbe47f9_600_600_C_60.jpg]
[albania.al/Images/Resized/djmfvlfv580fa9715ea42_600_600_C_60.jpg]
[albania.al/Images/Resized/rar0wotp580371f60edc5_600_600_C_60.jpg]
[albania.al/Images/Resized/wavce7cn5cebec07f35d7_600_600_C_60.jpg]
[albania.al/Images/Resized/yd8kqg6m580fabdd04019_600_600_C_60.jpg]
[albania.al/Images/Resized/97i5e1sh58107d7c0c5ef_600_600_C_60.jpg]
[albania.al/Images/Resized/rulcqahv58036fe018ebc_600_600_C_60.jpg]
[albania.al/Images/Resized/5rpbz7qb591c1f8faf4d3_600_600_C_60.jpg]
[albania.al/Images/Resized/5qr3mncz5925999be7770_600_600_C_60.jpg]
[albania.al/Images/Resized/fj0gkljk581253e4d8ad4_600_600_C_60.jpg]
[albania.al/Images/Resized/c34ry5ic581079ea008d6_600_600_C_60.jpg]
[albania.al/Images/Resized/9s959tvc580f431fac729_600_600_C_60.jpg]
[albania.al/Images/Resized/uwx771go5ab26ea957ff7_600_600_C_60.jpg]
[albania.al/Images/Resized/tobzl47158133b2bdc4c4_600_600_C_60.jpg]
[albania.al/Images/Resized/vvpmbdev580faecb52c54_600_600_C_60.jpg]
[albania.al/Images/Resized/22wehxs4580f219bb85c9_600_600_C_60.jpg]
[albania.al/destinations/index.html]
[albania.al/Images/Resized/mrhdmhy35817aa5bbbd1c_1200_630_C_60.jpg]
[albania.al/Images/Resized/viqbpomm58107b767930f_600_600_C_60.jpg]
[albania.al/Images/Resized/6b9bmkj3580fa5b5a1305_600_600_C_60.jpg]
[albania.al/Images/Resized/zitqlff4581226bd6989a_600_600_C_60.jpg]
[albania.al/Images/Resized/6m0kg7zf580f44f981b50_600_600_C_60.jpg]
[albania.al/Images/Resized/jd0vz41c581352e1dc94f_600_600_C_60.jpg]
[albania.al/Images/Resized/kmuau4yj58125bb33c8f6_600_600_C_60.jpg]
[albania.al/Images/Resized/kyd1w09x580fa921462f2_600_600_C_60.jpg]
[albania.al/Images/Resized/h8pzr8qx591d809608bee_600_600_C_60.png]
[albania.al/Images/Resized/mtwqntx55ab124178a16e_600_600_C_60.jpg]
[albania.al/Images/Resized/npmq7edb58122e67d88a8_600_600_C_60.jpg]
[albania.al/Images/Resized/4lj28lse58107b4d83c64_600_600_C_60.jpg]
[albania.al/Images/Resized/cvilnxnz58162984dc28d_600_600_C_60.jpg]
[albania.al/Images/Resized/d986gyvj581079a8db237_600_600_C_60.jpg]
[albania.al/Images/Resized/y2g1kaqp591d67e0ec11b_600_600_C_60.jpg]
[albania.al/Images/Resized/k3phhex75810e4c285cd5_600_600_C_60.jpg]
[albania.al/Images/Resized/jq05f6gh5814a27e34923_600_600_C_60.jpg]
[albania.al/Images/Resized/1u06yyc1580f72709efa3_600_600_C_60.png]
[albania.al/activities/index.html]
[albania.al/Images/Resized/xrl5q5a05cd9458b9fe2e_600_600_C_60.jpg]
[albania.al/Images/Resized/mt4xiat45cefb88ba798a_600_600_C_60.png]
[albania.al/Images/Resized/ir3qsxdg58036eb4dc357_600_600_C_60.jpg]
[albania.al/Images/Resized/582glnqo5cdd28309f99f_600_600_C_60.jpg]
[albania.al/Images/Resized/t88d34mk5cd94450b305f_600_600_C_60.png]
[albania.al/Images/Resized/2d7kgkko5cd94531ad298_600_600_C_60.jpg]
[albania.al/Images/Resized/nhq4hia858133b5d38849_600_600_C_60.jpg]
[albania.al/Images/Resized/msnxz9vj5cf0ebbf11917_600_600_C_60.jpg]
[albania.al/Images/Resized/98je3d865cd9449be3474_600_600_C_60.jpg]
[albania.al/Images/Resized/ujnbgtfb5cd93dcc3a606_600_600_C_60.jpg]
[albania.al/Images/Resized/svay487c5d10aed485bc4_600_600_C_60.jpg]
[albania.al/Images/Resized/jerkbs2s5cf0d868745b2_600_600_C_60.jpg]
[albania.al/Images/Resized/w3ivkp1p5cefb7b88c006_600_600_C_60.jpg]
[albania.al/Images/Resized/i4s0bcyw5cebdb0377785_600_600_C_60.jpg]
[albania.al/Images/Resized/cc9a1qqe58122870c4e13_600_600_C_60.jpg]
[albania.al/Images/Resized/5qdxp9rg5980204f05e7a_600_600_C_60.jpg]
[albania.al/Images/Resized/4iavrcvs5a79bea42aef5_600_600_C_60.jpg]
[albania.al/Images/Resized/c04tffmx5cf0ec2c16076_600_600_C_60.jpg]
[albania.al/Images/Resized/zvpc00fz5cf79da61dd90_600_600_C_60.jpg]
[albania.al/Images/Resized/m4tz7d5i5cdd249163d33_600_600_C_60.jpg]
[albania.al/Images/Resized/1pg8838w580f425e85a44_600_600_C_60.jpg]
[albania.al/Images/Resized/a7l7l3mm5cf0d9cfa35d7_600_600_C_60.jpg]
[albania.al/Images/Resized/blbzgn095cde620e687e9_600_600_C_60.jpg]
[albania.al/Images/Resized/mdcefdhm5cf0db8f67d5a_600_600_C_60.jpg]
[albania.al/Images/Resized/x34mrof25922f5aa90b23_600_600_C_60.jpg]
[albania.al/Images/Resized/ln9jrqck5cd941f1db983_600_600_C_60.jpg]
[albania.al/Images/Resized/g98e4wpt58170c0d9c063_600_600_C_60.jpg]
[albania.al/Images/Resized/dv27dqsp5cf100a7d93b4_600_600_C_60.jpg]
[albania.al/Images/Resized/325vmvyj5988569b21583_600_600_C_60.jpg]
[albania.al/Images/Resized/cp4xqbb45cd944cb9a5bd_600_600_C_60.jpg]
[albania.al/Images/Resized/fu87hs535cefb96573669_600_600_C_60.jpg]
[albania.al/Images/Resized/h96psa735cf0cf894acb2_600_600_C_60.jpg]
[albania.al/Images/Resized/c9hhairr5cefbf7f9777e_600_600_C_60.png]
[albania.al/Images/Resized/xk12n3fb5cf7a3474ef04_600_600_C_60.jpg]
[albania.al/Images/Resized/ccqg6lhk5cefbc9214181_600_600_C_60.jpg]
[albania.al/Images/Resized/48v92fhg5cd9467086557_600_600_C_60.png]
[albania.al/Images/Resized/heo6x1w75cf0fee3625a3_600_600_C_60.jpg]
[albania.al/Images/Resized/r7zpzqs0581227e1e98cf_600_600_C_60.jpg]
[albania.al/Images/Resized/c9f4wunp5cefd7a044033_600_600_C_60.jpg]
[albania.al/Images/Resized/n6jrcm4c5cf7a0ddcfc2c_600_600_C_60.jpg]
[albania.al/Images/Resized/rtsd1tw95cf0dc663c173_600_600_C_60.jpg]
[albania.al/Images/Resized/abnsem4h5cde76948efa7_600_600_C_60.jpg]
[albania.al/Images/Resized/uom5aj6a5cf79ec168663_600_600_C_60.png]
[albania.al/Images/Resized/epo99w9z5cefddf52cd42_600_600_C_60.jpg]
[albania.al/Images/Resized/6ukhr5wf5cdd359cdba35_600_600_C_60.jpg]
[albania.al/Images/Resized/q2x33ev25cf7a071822b0_600_600_C_60.jpg]
[albania.al/Images/Resized/ig21pdbn5cd94706912ec_600_600_C_60.jpg]
[albania.al/Images/Resized/7amrkole5cdd35f0a2cf5_600_600_C_60.jpg]
[albania.al/Images/Resized/fm4g5ont5cefdb630ac0a_600_600_C_60.jpg]
[albania.al/Images/Resized/vityqctu581612893ed4f_600_600_C_60.jpg]
[albania.al/Images/Resized/4fbhtoyv5cdd35f81196d_600_600_C_60.jpg]
[albania.al/Images/Resized/vrp0r3v45cf0ed49301e0_600_600_C_60.jpg]
[albania.al/Images/Resized/136ai5rz5cf0dd6d957c0_600_600_C_60.jpg]
[albania.al/Images/Resized/bk4d6qtu5cf0e2ca29ee3_600_600_C_60.jpg]
[albania.al/Images/Resized/eb3qht3l5cf0e927136f4_600_600_C_60.jpg]
[albania.al/calendar/index.html]
[albania.al/Images/Resized/s100x3ga580f2c4fa9ec9_1200_630_C_60.jpg]
[albania.al/Images/Resized/qr8hpzxh580fad3e788c9_2400_1400_C_75.jpg]
[albania.al/Images/Resized/7j9c1ve4580f57ccbb092_2400_1400_C_75.jpg]
[albania.al/Images/Resized/1j3kpx26580f5758a078d_2400_1400_C_75.jpg]
[albania.al/Images/Resized/nxuu1e1e5810792e5b1a1_2400_1400_C_75.jpg]
[albania.al/Images/Resized/6g2r16r858107910e3199_2400_1400_C_75.jpg]
[albania.al/Images/Resized/mpxr06vt581078ad8b3b7_2400_1400_C_75.jpg]
[albania.al/Images/Resized/p9wyprcf580fac8fd9349_2400_1400_C_75.jpg]
[albania.al/Images/Resized/oggm63jk581227f633ef1_600_600_C_60.jpg]
[albania.al/Images/Resized/blxx5qpo58b6d431d251d_600_600_C_60.jpg]
[albania.al/Images/Resized/aiyjdpuk58107da189689_600_600_C_60.jpg]
[albania.al/Images/Resized/netexb6e580fae380b04e_600_600_C_60.jpg]
[albania.al/Images/Resized/jepr9xtg581229584ca49_600_600_C_60.jpg]
[albania.al/Images/Resized/jmm973725810791bea219_600_600_C_60.jpg]
[albania.al/Images/Resized/eg2yrkpt581614396c2e3_600_600_C_60.jpg]
[albania.al/Images/Resized/bv5nr88o58d1231c41ed2_600_600_C_60.jpg]
[albania.al/tours/index.html]
[albania.al/contact/index.html]
[albania.al/Assets/Gfx/logo_bright.svg]
[albania.al/Assets/Cache/ee9f3211_1478029745.js]
[albania.al/Assets/Fonts/fontawesome-webfont.html]
[albania.al/Assets/Fonts/fontawesome-webfont-2.html]
[albania.al/Assets/Fonts/fontawesome-webfont.svg]
[albania.al/Assets/Fonts/nilland-regular-webfont.html]
[albania.al/Assets/Fonts/nilland-regular-webfont-2.html]
[albania.al/Assets/Fonts/nilland-extrabold-webfont.html]
[albania.al/Assets/Fonts/nilland-extrabold-webfont-2.html]
[albania.al/Images/Resized/immtpwhf580f7f328c1d1_1000_0_C_60.jpg]
[albania.al/Images/Resized/ddx556vm580f50253e3be_1000_0_C_60.jpg]
[albania.al/Images/Resized/lijvg51l581235ec7cef8_1000_0_C_60.jpg]
[albania.al/Images/Resized/y91m687y5815ede458d8b_1000_0_C_60.jpg]
[albania.al/Images/Resized/rkhpdmwq58107dd73f5b9_1000_0_C_60.jpg]
[albania.al/Images/Resized/gkey8bv958107975567aa_1000_0_C_60.jpg]
[albania.al/Images/Resized/1u06yyc1580f72709efa3_1000_0_C_60.png]
[albania.al/Images/Resized/koow5a8j597b1dc339cea_1000_0_C_60.png]
[albania.al/Images/Resized/jq05f6gh5814a27e34923_1000_0_C_60.jpg]
[albania.al/Images/Resized/uzxj9hx05814bc1f8ea9d_1000_0_C_60.jpg]
[albania.al/article/33/did_you_know/index.html]
[albania.al/Images/Resized/o9bibvtp581267de8a46d_100_100_C_60.png]
[albania.al/article/18/information/index.html]
[albania.al/Images/Resized/qvatlvzo58160571ed6de_1000_0_C_60.jpg]
[albania.al/Images/Resized/nbfx1yb8592d0dd1a4aeb_1000_0_C_60.jpg]
[albania.al/Images/Resized/5qdxp9rg5980204f05e7a_1000_0_C_60.jpg]
[albania.al/Images/Resized/cvsqv1s65c6a675c8fcef_1000_0_C_60.png]
[albania.al/article/21/traveling/index.html]
[albania.al/Images/Resized/lybvdt2o5bed32fb3ce1d_1200_630_C_60.jpg]
[albania.al/Images/Resized/lybvdt2o5bed32fb3ce1d_2400_1400_C_75.jpg]
[albania.al/Images/Resized/8kfr6jiu5bed31b4d2f62_2400_1400_C_75.jpg]
[albania.al/Images/Resized/lc1pyaeq5bed31d459925_2400_1400_C_75.jpg]
[albania.al/article/24/transport/index.html]
[albania.al/article/23/visa/index.html]
[albania.al/article/20/safety/index.html]
[albania.al/article/5/albania_go_your_own_way/index.html]
[albania.al/Images/Resized/9ooh7a6f591d78be27375_1200_630_C_60.jpg]
[albania.al/article/2/famous/index.html]
[albania.al/Images/Resized/5cihkti45813559ddeaa3_1200_630_C_60.jpg]
[albania.al/Images/Resized/f3bjptp2580fbbbdcdb42_2400_1400_C_75.jpg]
[albania.al/Images/Resized/rfp2mt8y5812285cf0883_2400_1400_C_75.jpg]
[albania.al/Images/Resized/stn8aw9258107ae980324_2400_1400_C_75.jpg]
[albania.al/Images/Resized/aed66gsr58107922658c5_2400_1400_C_75.jpg]
[albania.al/Images/Resized/u9zajksp581229a233651_2400_1400_C_75.jpg]
[albania.al/Images/Resized/cmxsuot45815f4b91f661_2400_1400_C_75.jpg]
[albania.al/Images/Resized/8luoo11258107cf863b66_2400_1400_C_75.jpg]
[albania.al/Images/Resized/rfp2mt8y5812285cf0883_1000_0_C_60.jpg]
[albania.al/Images/Resized/bstjlp5j5815f1abeb8db_1000_0_C_60.jpg]
[albania.al/Images/Resized/netexb6e580fae380b04e_1200_0_C_60.jpg]
[albania.al/Images/Resized/aed66gsr58107922658c5_1000_0_C_60.jpg]
[albania.al/Images/Resized/cmxsuot45815f4b91f661_1000_0_C_60.jpg]
[albania.al/Images/Resized/trcgqqc3581228970d506_1000_0_C_60.jpg]
[albania.al/article/19/geography/index.html]
[albania.al/Images/Resized/hm60sax45813559f5280b_1200_630_C_60.jpg]
[albania.al/Images/Resized/j5bxfnnk59883c638e05e_1000_0_C_60.jpg]
[albania.al/Images/Resized/2xpnxaxt59883c7146ddc_1000_0_C_60.jpg]
[albania.al/article/1/history/index.html]
[albania.al/Images/Resized/puy8b76m5813559e94ad4_1200_630_C_60.jpg]
[albania.al/getFile/tourist_rights.pdf]
[albania.al/getFile/camping_map.rar]
[albania.al/article/57/albanian_national_tourism_agency_/index.html]
[albania.al/Images/Resized/3n2jcs4n57a33904198c5_1200_630_C_60.jpg]
[albania.al/Images/Resized/3n2jcs4n57a33904198c5_2400_1400_C_75.jpg]
[albania.al/Images/Resized/gkn147px580f42b411dce_2400_1400_C_75.jpg]
[albania.al/Images/Resized/h0f36g8b5802946bcb1f3_2400_1400_C_75.jpg]
[albania.al/Images/Resized/2e8cyxsz580f181d431ce_2400_1400_C_75.jpg]
[albania.al/Images/Resized/uucl6cfw580f420edae92_2400_1400_C_75.jpg]
[albania.al/Images/Resized/eybmbyr15812557250771_2400_1400_C_75.jpg]
[albania.al/Images/Resized/0q3k0e465810e4c1ef5d8_2400_1400_C_75.jpg]
[albania.al/Images/Resized/1pg8838w580f425e85a44_2400_1400_C_75.jpg]
[albania.al/Images/Resized/3m8t7coj580f41d509ab1_2400_1400_C_75.jpg]
[albania.al/Images/Resized/3b0h7aq3581079af4242a_2400_1400_C_75.jpg]
[albania.al/Images/Resized/z90yegpf58107b7077b24_2400_1400_C_75.jpg]
[albania.al/Images/Resized/bknu3new580f43d42523f_2400_1400_C_75.jpg]
[albania.al/Images/Resized/yb8efqh6580f424aefb87_2400_1400_C_75.jpg]
[albania.al/article/12/explore/index.html]
[albania.al/Images/Resized/g7ihw3i15802a18d3df15_1200_630_C_60.jpg]
[albania.al/Images/Resized/g7ihw3i15802a18d3df15_2400_1400_C_75.jpg]
[albania.al/Images/Resized/dcdbj2s558107af9cd8dc_2400_1400_C_75.jpg]
[albania.al/Images/Resized/rar0wotp580371f60edc5_2400_1400_C_75.jpg]
[albania.al/Images/Resized/8dq1sgs45812286b4ec1b_2400_1400_C_75.jpg]
[albania.al/Images/Resized/xnbk5lgw58190af1edc25_2400_1400_C_75.jpg]
[albania.al/Images/Resized/7uxfn8dn5ab26e8c15ec5_2400_1400_C_75.jpg]
[albania.al/Images/Resized/b2qy9h7h5a7c17e190e6c_2400_1400_C_75.jpg]
[albania.al/Images/Resized/yd8kqg6m580fabdd04019_2400_1400_C_75.jpg]
[albania.al/Images/Resized/rzwtlua6597b102cbea3c_2400_1400_C_75.jpg]
[albania.al/article/6/destinations/index.html]
[albania.al/Images/Resized/1j3kpx26580f5758a078d_1200_630_C_60.jpg]
[albania.al/Images/Resized/ir3qsxdg58036eb4dc357_2400_1400_C_75.jpg]
[albania.al/Images/Resized/y2a1731h5810c188ab3f2_2400_1400_C_75.jpg]
[albania.al/Images/Resized/ji78yilo591d6c4388b44_2400_1400_C_75.jpg]
[albania.al/Images/Resized/4fq4ojsg5cd3fea4871b6_2400_1400_C_75.jpg]
[albania.al/article/11/unesco/index.html]
[albania.al/Assets/Cache/86b86616_1478029745.js]
[albania.al/Images/Resized/p9wyprcf580fac8fd9349_1200_630_C_60.jpg]
[albania.al/Images/Resized/04ts29de5811d5ba48985_2400_1400_C_75.jpg]
[albania.al/Images/Resized/8hq4itk85b18ed588ce89_2400_1400_C_75.jpg]
[albania.al/Images/Resized/eg2yrkpt581614396c2e3_2400_1400_C_75.jpg]
[albania.al/Images/Resized/xfh0zlyf5922f800331df_2400_1400_C_75.jpg]
[albania.al/Images/Resized/p04bo0u458107db3e617c_2400_1400_C_75.jpg]
[albania.al/Images/Resized/prn6svdg5927efe557104_2400_1400_C_75.jpg]
[albania.al/Images/Resized/bkwjrgqj593959ce5f7bb_2400_1400_C_75.jpg]
[albania.al/Images/Resized/xo2rnhv758107bdf7fbf4_2400_1400_C_75.jpg]
[albania.al/Images/Resized/dxbm677s5b18efe1aba55_2400_1400_C_75.jpg]
[albania.al/Images/Resized/am6bxxud5b18edd42db6b_2400_1400_C_75.jpg]
[albania.al/Images/Resized/5syb37f758107baae8ad2_2400_1400_C_75.jpg]
[albania.al/Images/Resized/fsk4pea75924034cbf976_2400_1400_C_75.jpg]
[albania.al/Images/Resized/zwv6oyr85927f01726d70_2400_1400_C_75.jpg]
[albania.al/Images/Resized/yihjj3ua5922f7f002592_2400_1400_C_75.jpg]
[albania.al/Images/Resized/b4dbi1ad592ec20320c68_2400_1400_C_75.jpg]
[albania.al/destination/8/tirana/index.html]
[albania.al/Images/Resized/jao8tvl5580fa7d718d36_1200_630_C_60.jpg]
[albania.al/Images/Resized/cx0gqd6f5810e5207ff9d_2400_1400_C_75.jpg]
[albania.al/Images/Resized/suo35lxm5810e50b88287_2400_1400_C_75.jpg]
[albania.al/Images/Resized/52tmij9958107a281907f_2400_1400_C_75.jpg]
[albania.al/Images/Resized/8v7s5ily58107a4b55183_2400_1400_C_75.jpg]
[albania.al/Images/Resized/ksry833h58107b894915f_2400_1400_C_75.jpg]
[albania.al/Images/Resized/ostbk371580fad70df00b_2400_1400_C_75.jpg]
[albania.al/Images/Resized/vr2jwazy58107a448873a_2400_1400_C_75.jpg]
[albania.al/Images/Resized/r7ebj04h58107af046403_2400_1400_C_75.jpg]
[albania.al/Images/Resized/fezraxrr580fad987163c_2400_1400_C_75.jpg]
[albania.al/Images/Resized/4f6o6y7y5979f3d0bfc94_2400_1400_C_75.jpg]
[albania.al/Images/Resized/ebi9qfqa5979f3dac17ac_2400_1400_C_75.jpg]
[albania.al/Images/Resized/rgymch495979f3e35db89_2400_1400_C_75.jpg]
[albania.al/Images/Resized/it5p8ce25979f3ee96f5b_2400_1400_C_75.jpg]
[albania.al/destination/20/alpet/index.html]
[albania.al/Images/Resized/00af7rh6580fa8f500449_1200_630_C_60.jpg]
[albania.al/Images/Resized/f6c0vwjk5810e4e49bd0b_2400_1400_C_75.jpg]
[albania.al/Images/Resized/gfsqijis580294616d2b9_2400_1400_C_75.jpg]
[albania.al/Images/Resized/9tti1lv258107bafe6c1b_2400_1400_C_75.jpg]
[albania.al/Images/Resized/00af7rh6580fa8f500449_2400_1400_C_75.jpg]
[albania.al/Images/Resized/kyd1w09x580fa921462f2_2400_1400_C_75.jpg]
[albania.al/Images/Resized/fk6ctmik580fa8c021fa7_2400_1400_C_75.jpg]
[albania.al/Images/Resized/5eqnhszt5810790b15222_2400_1400_C_75.jpg]
[albania.al/article/7/ionian/index.html]
[albania.al/Images/Resized/4ycc95pm580f4571e8498_1200_630_C_60.jpg]
[albania.al/Images/Resized/8v0fuf165810e531e13e5_2400_1400_C_75.jpg]
[albania.al/Images/Resized/r4y2jb5e58133cab28003_2400_1400_C_75.jpg]
[albania.al/Images/Resized/rh2q0q9k580fa82bd77e3_2400_1400_C_75.jpg]
[albania.al/Images/Resized/g895jn1058107929816ca_2400_1400_C_75.jpg]
[albania.al/Images/Resized/klc1dx97580fade332e47_2400_1400_C_75.jpg]
[albania.al/Images/Resized/ynsfbxis58107a978934b_2400_1400_C_75.jpg]
[albania.al/Images/Resized/4ycc95pm580f4571e8498_2400_1400_C_75.jpg]
[albania.al/Images/Resized/rd30m9j7581251774acd9_2400_1400_C_75.jpg]
[albania.al/article/30/adriatic/index.html]
[albania.al/Images/Resized/knxq9rlo58107dc044602_1200_630_C_60.jpg]
[albania.al/Images/Resized/knxq9rlo58107dc044602_2400_1400_C_75.jpg]
[albania.al/Images/Resized/etcba8pb5979f6e9a0533_2400_1400_C_75.jpg]
[albania.al/Images/Resized/6q4twwdz58029be7af90a_2400_1400_C_75.jpg]
[albania.al/Images/Resized/gsiefekh5979f67ad239c_2400_1400_C_75.jpg]
[albania.al/Images/Resized/xccy2owx58107b825eb49_2400_1400_C_75.jpg]
[albania.al/Images/Resized/34x8wjf95979f698403ab_2400_1400_C_75.jpg]
[albania.al/Images/Resized/xk3ukchx5979f66002485_2400_1400_C_75.jpg]
[albania.al/Images/Resized/t7qupbg558029af94db86_2400_1400_C_75.jpg]
[albania.al/Images/Resized/vdcyil0j58029b1dc805a_2400_1400_C_75.jpg]
[albania.al/Images/Resized/v5nqxxju58029b1a62719_2400_1400_C_75.jpg]
[albania.al/Images/Resized/na1d5qp458107dc5d5f40_2400_1400_C_75.jpg]
[albania.al/Images/Resized/uck1or7j5927f066cbc1e_2400_1400_C_75.jpg]
[albania.al/Images/Resized/8s7g1kfk5979f6aa15793_2400_1400_C_75.jpg]
[albania.al/Images/Resized/0e8v48u6591edb31e7b15_2400_1400_C_75.jpg]
[albania.al/Images/Resized/5za40a3s5813035cd76ba_2400_1400_C_75.jpg]
[albania.al/destination/12/berati/index.html]
[albania.al/Images/Resized/qtvwbvj658036e39a5f85_2400_1400_C_75.jpg]
[albania.al/Images/Resized/pdnttl5l58107bebc98a1_2400_1400_C_75.jpg]
[albania.al/Images/Resized/rgbgwja558107d11895e2_2400_1400_C_75.jpg]
[albania.al/Images/Resized/8qtpojso58107a6bbc5af_2400_1400_C_75.jpg]
[albania.al/Images/Resized/x8z6gghi58133d0bacc3f_2400_1400_C_75.jpg]
[albania.al/Images/Resized/p8mipco55926b3e623492_2400_1400_C_75.jpg]
[albania.al/Images/Resized/g6w0jdwh58036d7a1ed89_2400_1400_C_75.jpg]
[albania.al/Images/Resized/h7n9729p581260c36d253_2400_1400_C_75.jpg]
